# JRE version: Java(TM) SE Runtime Environment (8.0_45-b14) (build 1.8.0_45-b14)
# Java VM: Java HotSpot(TM) 64-Bit Server VM (25.45-b02 mixed mode windows-amd64 compressed oops)
Heap:
 PSYoungGen      total 232448K, used 124190K [0x00000000ebc00000, 0x00000000fc880000, 0x0000000100000000)
  eden space 226816K, 54% used [0x00000000ebc00000,0x00000000f3547a60,0x00000000f9980000)
  from space 5632K, 0% used [0x00000000fc300000,0x00000000fc300000,0x00000000fc880000)
  to   space 5632K, 0% used [0x00000000f9980000,0x00000000f9980000,0x00000000f9f00000)
 ParOldGen       total 39936K, used 26917K [0x00000000c3400000, 0x00000000c5b00000, 0x00000000ebc00000)
  object space 39936K, 67% used [0x00000000c3400000,0x00000000c4e49498,0x00000000c5b00000)
 Metaspace       used 28337K, capacity 37239K, committed 37376K, reserved 1075200K
  class space    used 7441K, capacity 10639K, committed 10752K, reserved 1048576K
GC Heap History (10 events):
Event: 10.045 GC heap before
{Heap before GC invocations=16 (full 0):
 PSYoungGen      total 167936K, used 164992K [0x00000000ebc00000, 0x00000000f6480000, 0x0000000100000000)
  eden space 163328K, 100% used [0x00000000ebc00000,0x00000000f5b80000,0x00000000f5b80000)
  from space 4608K, 36% used [0x00000000f5b80000,0x00000000f5d20000,0x00000000f6000000)
  to   space 4608K, 0% used [0x00000000f6000000,0x00000000f6000000,0x00000000f6480000)
 ParOldGen       total 42496K, used 16437K [0x00000000c3400000, 0x00000000c5d80000, 0x00000000ebc00000)
  object space 42496K, 38% used [0x00000000c3400000,0x00000000c440d7e0,0x00000000c5d80000)
 Metaspace       used 16987K, capacity 19143K, committed 19328K, reserved 1064960K
  class space    used 3693K, capacity 4447K, committed 4480K, reserved 1048576K
Event: 10.054 GC heap after
Heap after GC invocations=16 (full 0):
 PSYoungGen      total 167936K, used 1344K [0x00000000ebc00000, 0x00000000f6480000, 0x0000000100000000)
  eden space 163328K, 0% used [0x00000000ebc00000,0x00000000ebc00000,0x00000000f5b80000)
  from space 4608K, 29% used [0x00000000f6000000,0x00000000f6150000,0x00000000f6480000)
  to   space 4608K, 0% used [0x00000000f5b80000,0x00000000f5b80000,0x00000000f6000000)
 ParOldGen       total 42496K, used 17981K [0x00000000c3400000, 0x00000000c5d80000, 0x00000000ebc00000)
  object space 42496K, 42% used [0x00000000c3400000,0x00000000c458f7e0,0x00000000c5d80000)
 Metaspace       used 16987K, capacity 19143K, committed 19328K, reserved 1064960K
  class space    used 3693K, capacity 4447K, committed 4480K, reserved 1048576K
}
Event: 11.198 GC heap before
{Heap before GC invocations=17 (full 0):
 PSYoungGen      total 167936K, used 127759K [0x00000000ebc00000, 0x00000000f6480000, 0x0000000100000000)
  eden space 163328K, 77% used [0x00000000ebc00000,0x00000000f3773f50,0x00000000f5b80000)
  from space 4608K, 29% used [0x00000000f6000000,0x00000000f6150000,0x00000000f6480000)
  to   space 4608K, 0% used [0x00000000f5b80000,0x00000000f5b80000,0x00000000f6000000)
 ParOldGen       total 42496K, used 17981K [0x00000000c3400000, 0x00000000c5d80000, 0x00000000ebc00000)
  object space 42496K, 42% used [0x00000000c3400000,0x00000000c458f7e0,0x00000000c5d80000)
 Metaspace       used 18279K, capacity 21263K, committed 21296K, reserved 1064960K
  class space    used 4149K, capacity 5247K, committed 5248K, reserved 1048576K
Event: 11.207 GC heap after
Heap after GC invocations=17 (full 0):
 PSYoungGen      total 167936K, used 1584K [0x00000000ebc00000, 0x00000000fa480000, 0x0000000100000000)
  eden space 163328K, 0% used [0x00000000ebc00000,0x00000000ebc00000,0x00000000f5b80000)
  from space 4608K, 34% used [0x00000000f5b80000,0x00000000f5d0c1f0,0x00000000f6000000)
  to   space 4608K, 0% used [0x00000000fa000000,0x00000000fa000000,0x00000000fa480000)
 ParOldGen       total 42496K, used 19245K [0x00000000c3400000, 0x00000000c5d80000, 0x00000000ebc00000)
  object space 42496K, 45% used [0x00000000c3400000,0x00000000c46cb7e0,0x00000000c5d80000)
 Metaspace       used 18279K, capacity 21263K, committed 21296K, reserved 1064960K
  class space    used 4149K, capacity 5247K, committed 5248K, reserved 1048576K
}
Event: 11.207 GC heap before
{Heap before GC invocations=18 (full 1):
 PSYoungGen      total 167936K, used 1584K [0x00000000ebc00000, 0x00000000fa480000, 0x0000000100000000)
  eden space 163328K, 0% used [0x00000000ebc00000,0x00000000ebc00000,0x00000000f5b80000)
  from space 4608K, 34% used [0x00000000f5b80000,0x00000000f5d0c1f0,0x00000000f6000000)
  to   space 4608K, 0% used [0x00000000fa000000,0x00000000fa000000,0x00000000fa480000)
 ParOldGen       total 42496K, used 19245K [0x00000000c3400000, 0x00000000c5d80000, 0x00000000ebc00000)
  object space 42496K, 45% used [0x00000000c3400000,0x00000000c46cb7e0,0x00000000c5d80000)
 Metaspace       used 18279K, capacity 21263K, committed 21296K, reserved 1064960K
  class space    used 4149K, capacity 5247K, committed 5248K, reserved 1048576K
Event: 11.338 GC heap after
Heap after GC invocations=18 (full 1):
 PSYoungGen      total 167936K, used 0K [0x00000000ebc00000, 0x00000000fa480000, 0x0000000100000000)
  eden space 163328K, 0% used [0x00000000ebc00000,0x00000000ebc00000,0x00000000f5b80000)
  from space 4608K, 0% used [0x00000000f5b80000,0x00000000f5b80000,0x00000000f6000000)
  to   space 4608K, 0% used [0x00000000fa000000,0x00000000fa000000,0x00000000fa480000)
 ParOldGen       total 39936K, used 16674K [0x00000000c3400000, 0x00000000c5b00000, 0x00000000ebc00000)
  object space 39936K, 41% used [0x00000000c3400000,0x00000000c4448970,0x00000000c5b00000)
 Metaspace       used 18279K, capacity 21263K, committed 21296K, reserved 1064960K
  class space    used 4149K, capacity 5247K, committed 5248K, reserved 1048576K
}
Event: 13.447 GC heap before
{Heap before GC invocations=19 (full 1):
 PSYoungGen      total 167936K, used 163328K [0x00000000ebc00000, 0x00000000fa480000, 0x0000000100000000)
  eden space 163328K, 100% used [0x00000000ebc00000,0x00000000f5b80000,0x00000000f5b80000)
  from space 4608K, 0% used [0x00000000f5b80000,0x00000000f5b80000,0x00000000f6000000)
  to   space 4608K, 0% used [0x00000000fa000000,0x00000000fa000000,0x00000000fa480000)
 ParOldGen       total 39936K, used 16674K [0x00000000c3400000, 0x00000000c5b00000, 0x00000000ebc00000)
  object space 39936K, 41% used [0x00000000c3400000,0x00000000c4448970,0x00000000c5b00000)
 Metaspace       used 20866K, capacity 25025K, committed 25216K, reserved 1069056K
  class space    used 4947K, capacity 6453K, committed 6528K, reserved 1048576K
Event: 13.470 GC heap after
Heap after GC invocations=19 (full 1):
 PSYoungGen      total 214016K, used 4576K [0x00000000ebc00000, 0x00000000fa480000, 0x0000000100000000)
  eden space 209408K, 0% used [0x00000000ebc00000,0x00000000ebc00000,0x00000000f8880000)
  from space 4608K, 99% used [0x00000000fa000000,0x00000000fa478020,0x00000000fa480000)
  to   space 5632K, 0% used [0x00000000f9980000,0x00000000f9980000,0x00000000f9f00000)
 ParOldGen       total 39936K, used 18074K [0x00000000c3400000, 0x00000000c5b00000, 0x00000000ebc00000)
  object space 39936K, 45% used [0x00000000c3400000,0x00000000c45a6a18,0x00000000c5b00000)
 Metaspace       used 20866K, capacity 25025K, committed 25216K, reserved 1069056K
  class space    used 4947K, capacity 6453K, committed 6528K, reserved 1048576K
}
Event: 16.668 GC heap before
{Heap before GC invocations=20 (full 1):
 PSYoungGen      total 214016K, used 213984K [0x00000000ebc00000, 0x00000000fa480000, 0x0000000100000000)
  eden space 209408K, 100% used [0x00000000ebc00000,0x00000000f8880000,0x00000000f8880000)
  from space 4608K, 99% used [0x00000000fa000000,0x00000000fa478020,0x00000000fa480000)
  to   space 5632K, 0% used [0x00000000f9980000,0x00000000f9980000,0x00000000f9f00000)
 ParOldGen       total 39936K, used 18074K [0x00000000c3400000, 0x00000000c5b00000, 0x00000000ebc00000)
  object space 39936K, 45% used [0x00000000c3400000,0x00000000c45a6a18,0x00000000c5b00000)
 Metaspace       used 23750K, capacity 29921K, committed 30080K, reserved 1071104K
  class space    used 5729K, capacity 8009K, committed 8064K, reserved 1048576K
Event: 16.678 GC heap after
Heap after GC invocations=20 (full 1):
 PSYoungGen      total 232448K, used 2082K [0x00000000ebc00000, 0x00000000fc880000, 0x0000000100000000)
  eden space 226816K, 0% used [0x00000000ebc00000,0x00000000ebc00000,0x00000000f9980000)
  from space 5632K, 36% used [0x00000000f9980000,0x00000000f9b888f8,0x00000000f9f00000)
  to   space 5632K, 0% used [0x00000000fc300000,0x00000000fc300000,0x00000000fc880000)
 ParOldGen       total 39936K, used 22616K [0x00000000c3400000, 0x00000000c5b00000, 0x00000000ebc00000)
  object space 39936K, 56% used [0x00000000c3400000,0x00000000c4a16328,0x00000000c5b00000)
 Metaspace       used 23750K, capacity 29921K, committed 30080K, reserved 1071104K
  class space    used 5729K, capacity 8009K, committed 8064K, reserved 1048576K
}

